Traceback (most recent call last):
  File "/home/tiepvu/w/tabml_book/tabml_book_env/lib/python3.8/site-packages/jupyter_cache/executors/utils.py", line 51, in single_nb_execution
    executenb(
  File "/home/tiepvu/w/tabml_book/tabml_book_env/lib/python3.8/site-packages/nbclient/client.py", line 1112, in execute
    return NotebookClient(nb=nb, resources=resources, km=km, **kwargs).execute()
  File "/home/tiepvu/w/tabml_book/tabml_book_env/lib/python3.8/site-packages/nbclient/util.py", line 74, in wrapped
    return just_run(coro(*args, **kwargs))
  File "/home/tiepvu/w/tabml_book/tabml_book_env/lib/python3.8/site-packages/nbclient/util.py", line 53, in just_run
    return loop.run_until_complete(coro)
  File "/usr/lib/python3.8/asyncio/base_events.py", line 616, in run_until_complete
    return future.result()
  File "/home/tiepvu/w/tabml_book/tabml_book_env/lib/python3.8/site-packages/nbclient/client.py", line 553, in async_execute
    await self.async_execute_cell(
  File "/home/tiepvu/w/tabml_book/tabml_book_env/lib/python3.8/site-packages/nbclient/client.py", line 857, in async_execute_cell
    self._check_raise_for_error(cell, exec_reply)
  File "/home/tiepvu/w/tabml_book/tabml_book_env/lib/python3.8/site-packages/nbclient/client.py", line 760, in _check_raise_for_error
    raise CellExecutionError.from_cell_and_msg(cell, exec_reply_content)
nbclient.exceptions.CellExecutionError: An error occurred while executing the following cell:
------------------
embs_arr = model.state_dict()["embed_t.weight"].detach().numpy()
emb_nn = embedding.NearestNeighbor(embs_arr, measure="cosine")

sub_name = "Organic Yogurt"
ids = [ind for ind in range(num_products) if sub_name in names[ind]]

for ind in ids[:5]:
    print("==========")
    print(f'Similar items of "{names[ind]}":')
    nearest_ids = emb_nn.find_nearest_neighbors(embs_arr[ind, :], k=2)
    print([product_mapping["name_by_index"][ind] for ind in nearest_ids])
------------------

[0;31m---------------------------------------------------------------------------[0m
[0;31mNameError[0m                                 Traceback (most recent call last)
[0;32m<ipython-input-16-59f6a9f8b51a>[0m in [0;36m<module>[0;34m[0m
[1;32m      3[0m [0;34m[0m[0m
[1;32m      4[0m [0msub_name[0m [0;34m=[0m [0;34m"Organic Yogurt"[0m[0;34m[0m[0;34m[0m[0m
[0;32m----> 5[0;31m [0mids[0m [0;34m=[0m [0;34m[[0m[0mind[0m [0;32mfor[0m [0mind[0m [0;32min[0m [0mrange[0m[0;34m([0m[0mnum_products[0m[0;34m)[0m [0;32mif[0m [0msub_name[0m [0;32min[0m [0mnames[0m[0;34m[[0m[0mind[0m[0;34m][0m[0;34m][0m[0;34m[0m[0;34m[0m[0m
[0m[1;32m      6[0m [0;34m[0m[0m
[1;32m      7[0m [0;32mfor[0m [0mind[0m [0;32min[0m [0mids[0m[0;34m[[0m[0;34m:[0m[0;36m5[0m[0;34m][0m[0;34m:[0m[0;34m[0m[0;34m[0m[0m

[0;32m<ipython-input-16-59f6a9f8b51a>[0m in [0;36m<listcomp>[0;34m(.0)[0m
[1;32m      3[0m [0;34m[0m[0m
[1;32m      4[0m [0msub_name[0m [0;34m=[0m [0;34m"Organic Yogurt"[0m[0;34m[0m[0;34m[0m[0m
[0;32m----> 5[0;31m [0mids[0m [0;34m=[0m [0;34m[[0m[0mind[0m [0;32mfor[0m [0mind[0m [0;32min[0m [0mrange[0m[0;34m([0m[0mnum_products[0m[0;34m)[0m [0;32mif[0m [0msub_name[0m [0;32min[0m [0mnames[0m[0;34m[[0m[0mind[0m[0;34m][0m[0;34m][0m[0;34m[0m[0;34m[0m[0m
[0m[1;32m      6[0m [0;34m[0m[0m
[1;32m      7[0m [0;32mfor[0m [0mind[0m [0;32min[0m [0mids[0m[0;34m[[0m[0;34m:[0m[0;36m5[0m[0;34m][0m[0;34m:[0m[0;34m[0m[0;34m[0m[0m

[0;31mNameError[0m: name 'names' is not defined
NameError: name 'names' is not defined

